2025-01-28 15:03:30,376 - INFO - Menyalin README.md ke folder C:\Users\LENOVO\Documents\Habbist\Tempates\Md Badge\project-root\bahasa-pemrograman...
2025-01-28 15:03:30,379 - INFO - Template berhasil disalin ke: C:\Users\LENOVO\Documents\Habbist\Tempates\Md Badge\project-root\bahasa-pemrograman\README.md
2025-01-28 15:03:30,380 - INFO - Menyalin README.md ke folder C:\Users\LENOVO\Documents\Habbist\Tempates\Md Badge\project-root\build-deployment...
2025-01-28 15:03:30,384 - INFO - Template berhasil disalin ke: C:\Users\LENOVO\Documents\Habbist\Tempates\Md Badge\project-root\build-deployment\README.md
2025-01-28 15:03:30,385 - INFO - Menyalin README.md ke folder C:\Users\LENOVO\Documents\Habbist\Tempates\Md Badge\project-root\dependensi...
2025-01-28 15:03:30,388 - INFO - Template berhasil disalin ke: C:\Users\LENOVO\Documents\Habbist\Tempates\Md Badge\project-root\dependensi\README.md
2025-01-28 15:03:30,389 - INFO - Menyalin README.md ke folder C:\Users\LENOVO\Documents\Habbist\Tempates\Md Badge\project-root\dokumen...
2025-01-28 15:03:30,396 - INFO - Template berhasil disalin ke: C:\Users\LENOVO\Documents\Habbist\Tempates\Md Badge\project-root\dokumen\README.md
2025-01-28 15:03:30,398 - INFO - Menyalin README.md ke folder C:\Users\LENOVO\Documents\Habbist\Tempates\Md Badge\project-root\fitur...
2025-01-28 15:03:30,401 - INFO - Template berhasil disalin ke: C:\Users\LENOVO\Documents\Habbist\Tempates\Md Badge\project-root\fitur\README.md
2025-01-28 15:03:30,402 - INFO - Menyalin README.md ke folder C:\Users\LENOVO\Documents\Habbist\Tempates\Md Badge\project-root\keamanan...
2025-01-28 15:03:30,406 - INFO - Template berhasil disalin ke: C:\Users\LENOVO\Documents\Habbist\Tempates\Md Badge\project-root\keamanan\README.md
2025-01-28 15:03:30,407 - INFO - Menyalin README.md ke folder C:\Users\LENOVO\Documents\Habbist\Tempates\Md Badge\project-root\ketersediaan...
2025-01-28 15:03:30,410 - INFO - Template berhasil disalin ke: C:\Users\LENOVO\Documents\Habbist\Tempates\Md Badge\project-root\ketersediaan\README.md
2025-01-28 15:03:30,411 - INFO - Menyalin README.md ke folder C:\Users\LENOVO\Documents\Habbist\Tempates\Md Badge\project-root\kompatibilitas...
2025-01-28 15:03:30,416 - INFO - Template berhasil disalin ke: C:\Users\LENOVO\Documents\Habbist\Tempates\Md Badge\project-root\kompatibilitas\README.md
2025-01-28 15:03:30,420 - INFO - Menyalin README.md ke folder C:\Users\LENOVO\Documents\Habbist\Tempates\Md Badge\project-root\lisensi...
2025-01-28 15:03:30,425 - INFO - Template berhasil disalin ke: C:\Users\LENOVO\Documents\Habbist\Tempates\Md Badge\project-root\lisensi\README.md
2025-01-28 15:03:30,427 - INFO - Menyalin README.md ke folder C:\Users\LENOVO\Documents\Habbist\Tempates\Md Badge\project-root\performance...
2025-01-28 15:03:30,433 - INFO - Template berhasil disalin ke: C:\Users\LENOVO\Documents\Habbist\Tempates\Md Badge\project-root\performance\README.md
2025-01-28 15:03:30,434 - INFO - Menyalin README.md ke folder C:\Users\LENOVO\Documents\Habbist\Tempates\Md Badge\project-root\repositori-github...
2025-01-28 15:03:30,437 - INFO - Template berhasil disalin ke: C:\Users\LENOVO\Documents\Habbist\Tempates\Md Badge\project-root\repositori-github\README.md
2025-01-28 15:03:30,437 - INFO - Menyalin README.md ke folder C:\Users\LENOVO\Documents\Habbist\Tempates\Md Badge\project-root\status-pengembangan...
2025-01-28 15:03:30,440 - INFO - Template berhasil disalin ke: C:\Users\LENOVO\Documents\Habbist\Tempates\Md Badge\project-root\status-pengembangan\README.md
2025-01-28 15:03:30,441 - INFO - Menyalin README.md ke folder C:\Users\LENOVO\Documents\Habbist\Tempates\Md Badge\project-root\testing...
2025-01-28 15:03:30,444 - INFO - Template berhasil disalin ke: C:\Users\LENOVO\Documents\Habbist\Tempates\Md Badge\project-root\testing\README.md
2025-01-28 15:03:30,445 - INFO - Menyalin README.md ke folder C:\Users\LENOVO\Documents\Habbist\Tempates\Md Badge\project-root\versi...
2025-01-28 15:03:30,453 - INFO - Template berhasil disalin ke: C:\Users\LENOVO\Documents\Habbist\Tempates\Md Badge\project-root\versi\README.md
2025-01-28 15:03:30,457 - INFO - Menyalin README.md ke folder C:\Users\LENOVO\Documents\Habbist\Tempates\Md Badge\project-root\bahasa-pemrograman\ActionScript...
2025-01-28 15:03:30,459 - INFO - Template berhasil disalin ke: C:\Users\LENOVO\Documents\Habbist\Tempates\Md Badge\project-root\bahasa-pemrograman\ActionScript\README.md
2025-01-28 15:03:30,462 - INFO - Menyalin README.md ke folder C:\Users\LENOVO\Documents\Habbist\Tempates\Md Badge\project-root\bahasa-pemrograman\Ada...
2025-01-28 15:03:30,467 - INFO - Template berhasil disalin ke: C:\Users\LENOVO\Documents\Habbist\Tempates\Md Badge\project-root\bahasa-pemrograman\Ada\README.md
2025-01-28 15:03:30,469 - INFO - Menyalin README.md ke folder C:\Users\LENOVO\Documents\Habbist\Tempates\Md Badge\project-root\bahasa-pemrograman\Assembly...
2025-01-28 15:03:30,471 - INFO - Template berhasil disalin ke: C:\Users\LENOVO\Documents\Habbist\Tempates\Md Badge\project-root\bahasa-pemrograman\Assembly\README.md
2025-01-28 15:03:30,472 - INFO - Menyalin README.md ke folder C:\Users\LENOVO\Documents\Habbist\Tempates\Md Badge\project-root\bahasa-pemrograman\AutoHotkey...
2025-01-28 15:03:30,475 - INFO - Template berhasil disalin ke: C:\Users\LENOVO\Documents\Habbist\Tempates\Md Badge\project-root\bahasa-pemrograman\AutoHotkey\README.md
2025-01-28 15:03:30,476 - INFO - Menyalin README.md ke folder C:\Users\LENOVO\Documents\Habbist\Tempates\Md Badge\project-root\bahasa-pemrograman\C...
2025-01-28 15:03:30,479 - INFO - Template berhasil disalin ke: C:\Users\LENOVO\Documents\Habbist\Tempates\Md Badge\project-root\bahasa-pemrograman\C\README.md
2025-01-28 15:03:30,480 - INFO - Menyalin README.md ke folder C:\Users\LENOVO\Documents\Habbist\Tempates\Md Badge\project-root\bahasa-pemrograman\C++...
2025-01-28 15:03:30,486 - INFO - Template berhasil disalin ke: C:\Users\LENOVO\Documents\Habbist\Tempates\Md Badge\project-root\bahasa-pemrograman\C++\README.md
2025-01-28 15:03:30,487 - INFO - Menyalin README.md ke folder C:\Users\LENOVO\Documents\Habbist\Tempates\Md Badge\project-root\bahasa-pemrograman\Clojure...
2025-01-28 15:03:30,489 - INFO - Template berhasil disalin ke: C:\Users\LENOVO\Documents\Habbist\Tempates\Md Badge\project-root\bahasa-pemrograman\Clojure\README.md
2025-01-28 15:03:30,490 - INFO - Menyalin README.md ke folder C:\Users\LENOVO\Documents\Habbist\Tempates\Md Badge\project-root\bahasa-pemrograman\COBOL...
2025-01-28 15:03:30,493 - INFO - Template berhasil disalin ke: C:\Users\LENOVO\Documents\Habbist\Tempates\Md Badge\project-root\bahasa-pemrograman\COBOL\README.md
2025-01-28 15:03:30,494 - INFO - Menyalin README.md ke folder C:\Users\LENOVO\Documents\Habbist\Tempates\Md Badge\project-root\bahasa-pemrograman\Crystal...
2025-01-28 15:03:30,497 - INFO - Template berhasil disalin ke: C:\Users\LENOVO\Documents\Habbist\Tempates\Md Badge\project-root\bahasa-pemrograman\Crystal\README.md
2025-01-28 15:03:30,500 - INFO - Menyalin README.md ke folder C:\Users\LENOVO\Documents\Habbist\Tempates\Md Badge\project-root\bahasa-pemrograman\D...
2025-01-28 15:03:30,503 - INFO - Template berhasil disalin ke: C:\Users\LENOVO\Documents\Habbist\Tempates\Md Badge\project-root\bahasa-pemrograman\D\README.md
2025-01-28 15:03:30,504 - INFO - Menyalin README.md ke folder C:\Users\LENOVO\Documents\Habbist\Tempates\Md Badge\project-root\bahasa-pemrograman\Dart...
2025-01-28 15:03:30,507 - INFO - Template berhasil disalin ke: C:\Users\LENOVO\Documents\Habbist\Tempates\Md Badge\project-root\bahasa-pemrograman\Dart\README.md
2025-01-28 15:03:30,509 - INFO - Menyalin README.md ke folder C:\Users\LENOVO\Documents\Habbist\Tempates\Md Badge\project-root\bahasa-pemrograman\Elixir...
2025-01-28 15:03:30,512 - INFO - Template berhasil disalin ke: C:\Users\LENOVO\Documents\Habbist\Tempates\Md Badge\project-root\bahasa-pemrograman\Elixir\README.md
2025-01-28 15:03:30,512 - INFO - Menyalin README.md ke folder C:\Users\LENOVO\Documents\Habbist\Tempates\Md Badge\project-root\bahasa-pemrograman\Erlang...
2025-01-28 15:03:30,517 - INFO - Template berhasil disalin ke: C:\Users\LENOVO\Documents\Habbist\Tempates\Md Badge\project-root\bahasa-pemrograman\Erlang\README.md
2025-01-28 15:03:30,519 - INFO - Menyalin README.md ke folder C:\Users\LENOVO\Documents\Habbist\Tempates\Md Badge\project-root\bahasa-pemrograman\F#...
2025-01-28 15:03:30,522 - INFO - Template berhasil disalin ke: C:\Users\LENOVO\Documents\Habbist\Tempates\Md Badge\project-root\bahasa-pemrograman\F#\README.md
2025-01-28 15:03:30,522 - INFO - Menyalin README.md ke folder C:\Users\LENOVO\Documents\Habbist\Tempates\Md Badge\project-root\bahasa-pemrograman\Fortran...
2025-01-28 15:03:30,526 - INFO - Template berhasil disalin ke: C:\Users\LENOVO\Documents\Habbist\Tempates\Md Badge\project-root\bahasa-pemrograman\Fortran\README.md
2025-01-28 15:03:30,527 - INFO - Menyalin README.md ke folder C:\Users\LENOVO\Documents\Habbist\Tempates\Md Badge\project-root\bahasa-pemrograman\Go...
2025-01-28 15:03:30,533 - INFO - Template berhasil disalin ke: C:\Users\LENOVO\Documents\Habbist\Tempates\Md Badge\project-root\bahasa-pemrograman\Go\README.md
2025-01-28 15:03:30,535 - INFO - Menyalin README.md ke folder C:\Users\LENOVO\Documents\Habbist\Tempates\Md Badge\project-root\bahasa-pemrograman\Groovy...
2025-01-28 15:03:30,538 - INFO - Template berhasil disalin ke: C:\Users\LENOVO\Documents\Habbist\Tempates\Md Badge\project-root\bahasa-pemrograman\Groovy\README.md
2025-01-28 15:03:30,541 - INFO - Menyalin README.md ke folder C:\Users\LENOVO\Documents\Habbist\Tempates\Md Badge\project-root\bahasa-pemrograman\Hack...
2025-01-28 15:03:30,544 - INFO - Template berhasil disalin ke: C:\Users\LENOVO\Documents\Habbist\Tempates\Md Badge\project-root\bahasa-pemrograman\Hack\README.md
2025-01-28 15:03:30,545 - INFO - Menyalin README.md ke folder C:\Users\LENOVO\Documents\Habbist\Tempates\Md Badge\project-root\bahasa-pemrograman\Haskell...
2025-01-28 15:03:30,552 - INFO - Template berhasil disalin ke: C:\Users\LENOVO\Documents\Habbist\Tempates\Md Badge\project-root\bahasa-pemrograman\Haskell\README.md
2025-01-28 15:03:30,553 - INFO - Menyalin README.md ke folder C:\Users\LENOVO\Documents\Habbist\Tempates\Md Badge\project-root\bahasa-pemrograman\Java...
2025-01-28 15:03:30,556 - INFO - Template berhasil disalin ke: C:\Users\LENOVO\Documents\Habbist\Tempates\Md Badge\project-root\bahasa-pemrograman\Java\README.md
2025-01-28 15:03:30,556 - INFO - Menyalin README.md ke folder C:\Users\LENOVO\Documents\Habbist\Tempates\Md Badge\project-root\bahasa-pemrograman\JavaScript...
2025-01-28 15:03:30,559 - INFO - Template berhasil disalin ke: C:\Users\LENOVO\Documents\Habbist\Tempates\Md Badge\project-root\bahasa-pemrograman\JavaScript\README.md
2025-01-28 15:03:30,560 - INFO - Menyalin README.md ke folder C:\Users\LENOVO\Documents\Habbist\Tempates\Md Badge\project-root\bahasa-pemrograman\Julia...
2025-01-28 15:03:30,562 - INFO - Template berhasil disalin ke: C:\Users\LENOVO\Documents\Habbist\Tempates\Md Badge\project-root\bahasa-pemrograman\Julia\README.md
2025-01-28 15:03:30,564 - INFO - Menyalin README.md ke folder C:\Users\LENOVO\Documents\Habbist\Tempates\Md Badge\project-root\bahasa-pemrograman\Kotlin...
2025-01-28 15:03:30,569 - INFO - Template berhasil disalin ke: C:\Users\LENOVO\Documents\Habbist\Tempates\Md Badge\project-root\bahasa-pemrograman\Kotlin\README.md
2025-01-28 15:03:30,570 - INFO - Menyalin README.md ke folder C:\Users\LENOVO\Documents\Habbist\Tempates\Md Badge\project-root\bahasa-pemrograman\Lua...
2025-01-28 15:03:30,573 - INFO - Template berhasil disalin ke: C:\Users\LENOVO\Documents\Habbist\Tempates\Md Badge\project-root\bahasa-pemrograman\Lua\README.md
2025-01-28 15:03:30,577 - INFO - Menyalin README.md ke folder C:\Users\LENOVO\Documents\Habbist\Tempates\Md Badge\project-root\bahasa-pemrograman\MATLAB...
2025-01-28 15:03:30,580 - INFO - Template berhasil disalin ke: C:\Users\LENOVO\Documents\Habbist\Tempates\Md Badge\project-root\bahasa-pemrograman\MATLAB\README.md
2025-01-28 15:03:30,582 - INFO - Menyalin README.md ke folder C:\Users\LENOVO\Documents\Habbist\Tempates\Md Badge\project-root\bahasa-pemrograman\ML...
2025-01-28 15:03:30,585 - INFO - Template berhasil disalin ke: C:\Users\LENOVO\Documents\Habbist\Tempates\Md Badge\project-root\bahasa-pemrograman\ML\README.md
2025-01-28 15:03:30,585 - INFO - Menyalin README.md ke folder C:\Users\LENOVO\Documents\Habbist\Tempates\Md Badge\project-root\bahasa-pemrograman\Nim...
2025-01-28 15:03:30,588 - INFO - Template berhasil disalin ke: C:\Users\LENOVO\Documents\Habbist\Tempates\Md Badge\project-root\bahasa-pemrograman\Nim\README.md
2025-01-28 15:03:30,589 - INFO - Menyalin README.md ke folder C:\Users\LENOVO\Documents\Habbist\Tempates\Md Badge\project-root\bahasa-pemrograman\Objective-C...
2025-01-28 15:03:30,592 - INFO - Template berhasil disalin ke: C:\Users\LENOVO\Documents\Habbist\Tempates\Md Badge\project-root\bahasa-pemrograman\Objective-C\README.md
2025-01-28 15:03:30,592 - INFO - Menyalin README.md ke folder C:\Users\LENOVO\Documents\Habbist\Tempates\Md Badge\project-root\bahasa-pemrograman\OCaml...
2025-01-28 15:03:30,594 - INFO - Template berhasil disalin ke: C:\Users\LENOVO\Documents\Habbist\Tempates\Md Badge\project-root\bahasa-pemrograman\OCaml\README.md
2025-01-28 15:03:30,597 - INFO - Menyalin README.md ke folder C:\Users\LENOVO\Documents\Habbist\Tempates\Md Badge\project-root\bahasa-pemrograman\Perl...
2025-01-28 15:03:30,600 - INFO - Template berhasil disalin ke: C:\Users\LENOVO\Documents\Habbist\Tempates\Md Badge\project-root\bahasa-pemrograman\Perl\README.md
2025-01-28 15:03:30,601 - INFO - Menyalin README.md ke folder C:\Users\LENOVO\Documents\Habbist\Tempates\Md Badge\project-root\bahasa-pemrograman\PHP...
2025-01-28 15:03:30,603 - INFO - Template berhasil disalin ke: C:\Users\LENOVO\Documents\Habbist\Tempates\Md Badge\project-root\bahasa-pemrograman\PHP\README.md
2025-01-28 15:03:30,604 - INFO - Menyalin README.md ke folder C:\Users\LENOVO\Documents\Habbist\Tempates\Md Badge\project-root\bahasa-pemrograman\Prolog...
2025-01-28 15:03:30,607 - INFO - Template berhasil disalin ke: C:\Users\LENOVO\Documents\Habbist\Tempates\Md Badge\project-root\bahasa-pemrograman\Prolog\README.md
2025-01-28 15:03:30,608 - INFO - Menyalin README.md ke folder C:\Users\LENOVO\Documents\Habbist\Tempates\Md Badge\project-root\bahasa-pemrograman\Python...
2025-01-28 15:03:30,610 - INFO - Template berhasil disalin ke: C:\Users\LENOVO\Documents\Habbist\Tempates\Md Badge\project-root\bahasa-pemrograman\Python\README.md
2025-01-28 15:03:30,611 - INFO - Menyalin README.md ke folder C:\Users\LENOVO\Documents\Habbist\Tempates\Md Badge\project-root\bahasa-pemrograman\R...
2025-01-28 15:03:30,615 - INFO - Template berhasil disalin ke: C:\Users\LENOVO\Documents\Habbist\Tempates\Md Badge\project-root\bahasa-pemrograman\R\README.md
2025-01-28 15:03:30,616 - INFO - Menyalin README.md ke folder C:\Users\LENOVO\Documents\Habbist\Tempates\Md Badge\project-root\bahasa-pemrograman\Racket...
2025-01-28 15:03:30,619 - INFO - Template berhasil disalin ke: C:\Users\LENOVO\Documents\Habbist\Tempates\Md Badge\project-root\bahasa-pemrograman\Racket\README.md
2025-01-28 15:03:30,619 - INFO - Menyalin README.md ke folder C:\Users\LENOVO\Documents\Habbist\Tempates\Md Badge\project-root\bahasa-pemrograman\Ruby...
2025-01-28 15:03:30,621 - INFO - Template berhasil disalin ke: C:\Users\LENOVO\Documents\Habbist\Tempates\Md Badge\project-root\bahasa-pemrograman\Ruby\README.md
2025-01-28 15:03:30,622 - INFO - Menyalin README.md ke folder C:\Users\LENOVO\Documents\Habbist\Tempates\Md Badge\project-root\bahasa-pemrograman\Rust...
2025-01-28 15:03:30,625 - INFO - Template berhasil disalin ke: C:\Users\LENOVO\Documents\Habbist\Tempates\Md Badge\project-root\bahasa-pemrograman\Rust\README.md
2025-01-28 15:03:30,625 - INFO - Menyalin README.md ke folder C:\Users\LENOVO\Documents\Habbist\Tempates\Md Badge\project-root\bahasa-pemrograman\Scala...
2025-01-28 15:03:30,628 - INFO - Template berhasil disalin ke: C:\Users\LENOVO\Documents\Habbist\Tempates\Md Badge\project-root\bahasa-pemrograman\Scala\README.md
2025-01-28 15:03:30,628 - INFO - Menyalin README.md ke folder C:\Users\LENOVO\Documents\Habbist\Tempates\Md Badge\project-root\bahasa-pemrograman\Shell...
2025-01-28 15:03:30,633 - INFO - Template berhasil disalin ke: C:\Users\LENOVO\Documents\Habbist\Tempates\Md Badge\project-root\bahasa-pemrograman\Shell\README.md
2025-01-28 15:03:30,634 - INFO - Menyalin README.md ke folder C:\Users\LENOVO\Documents\Habbist\Tempates\Md Badge\project-root\bahasa-pemrograman\Simula...
2025-01-28 15:03:30,636 - INFO - Template berhasil disalin ke: C:\Users\LENOVO\Documents\Habbist\Tempates\Md Badge\project-root\bahasa-pemrograman\Simula\README.md
2025-01-28 15:03:30,637 - INFO - Menyalin README.md ke folder C:\Users\LENOVO\Documents\Habbist\Tempates\Md Badge\project-root\bahasa-pemrograman\Smalltalk...
2025-01-28 15:03:30,640 - INFO - Template berhasil disalin ke: C:\Users\LENOVO\Documents\Habbist\Tempates\Md Badge\project-root\bahasa-pemrograman\Smalltalk\README.md
2025-01-28 15:03:30,642 - INFO - Menyalin README.md ke folder C:\Users\LENOVO\Documents\Habbist\Tempates\Md Badge\project-root\bahasa-pemrograman\SQL...
2025-01-28 15:03:30,644 - INFO - Template berhasil disalin ke: C:\Users\LENOVO\Documents\Habbist\Tempates\Md Badge\project-root\bahasa-pemrograman\SQL\README.md
2025-01-28 15:03:30,645 - INFO - Menyalin README.md ke folder C:\Users\LENOVO\Documents\Habbist\Tempates\Md Badge\project-root\bahasa-pemrograman\Swift...
2025-01-28 15:03:30,650 - INFO - Template berhasil disalin ke: C:\Users\LENOVO\Documents\Habbist\Tempates\Md Badge\project-root\bahasa-pemrograman\Swift\README.md
2025-01-28 15:03:30,651 - INFO - Menyalin README.md ke folder C:\Users\LENOVO\Documents\Habbist\Tempates\Md Badge\project-root\bahasa-pemrograman\Tcl...
2025-01-28 15:03:30,653 - INFO - Template berhasil disalin ke: C:\Users\LENOVO\Documents\Habbist\Tempates\Md Badge\project-root\bahasa-pemrograman\Tcl\README.md
2025-01-28 15:03:30,654 - INFO - Menyalin README.md ke folder C:\Users\LENOVO\Documents\Habbist\Tempates\Md Badge\project-root\bahasa-pemrograman\TypeScript...
2025-01-28 15:03:30,656 - INFO - Template berhasil disalin ke: C:\Users\LENOVO\Documents\Habbist\Tempates\Md Badge\project-root\bahasa-pemrograman\TypeScript\README.md
2025-01-28 15:03:30,656 - INFO - Menyalin README.md ke folder C:\Users\LENOVO\Documents\Habbist\Tempates\Md Badge\project-root\bahasa-pemrograman\VHDL...
2025-01-28 15:03:30,659 - INFO - Template berhasil disalin ke: C:\Users\LENOVO\Documents\Habbist\Tempates\Md Badge\project-root\bahasa-pemrograman\VHDL\README.md
2025-01-28 15:03:30,659 - INFO - Menyalin README.md ke folder C:\Users\LENOVO\Documents\Habbist\Tempates\Md Badge\project-root\bahasa-pemrograman\Visual Basic...
2025-01-28 15:03:30,661 - INFO - Template berhasil disalin ke: C:\Users\LENOVO\Documents\Habbist\Tempates\Md Badge\project-root\bahasa-pemrograman\Visual Basic\README.md
2025-01-28 15:03:30,661 - INFO - Menyalin README.md ke folder C:\Users\LENOVO\Documents\Habbist\Tempates\Md Badge\project-root\bahasa-pemrograman\Xojo...
2025-01-28 15:03:30,666 - INFO - Template berhasil disalin ke: C:\Users\LENOVO\Documents\Habbist\Tempates\Md Badge\project-root\bahasa-pemrograman\Xojo\README.md
2025-01-28 15:03:30,666 - INFO - Menyalin README.md ke folder C:\Users\LENOVO\Documents\Habbist\Tempates\Md Badge\project-root\bahasa-pemrograman\Zig...
2025-01-28 15:03:30,670 - INFO - Template berhasil disalin ke: C:\Users\LENOVO\Documents\Habbist\Tempates\Md Badge\project-root\bahasa-pemrograman\Zig\README.md
2025-01-28 15:03:30,683 - INFO - Menyalin README.md ke folder C:\Users\LENOVO\Documents\Habbist\Tempates\Md Badge\project-root\build-deployment\automated-build...
2025-01-28 15:03:30,686 - INFO - Template berhasil disalin ke: C:\Users\LENOVO\Documents\Habbist\Tempates\Md Badge\project-root\build-deployment\automated-build\README.md
2025-01-28 15:03:30,687 - INFO - Menyalin README.md ke folder C:\Users\LENOVO\Documents\Habbist\Tempates\Md Badge\project-root\build-deployment\ci-cd...
2025-01-28 15:03:30,690 - INFO - Template berhasil disalin ke: C:\Users\LENOVO\Documents\Habbist\Tempates\Md Badge\project-root\build-deployment\ci-cd\README.md
2025-01-28 15:03:30,690 - INFO - Menyalin README.md ke folder C:\Users\LENOVO\Documents\Habbist\Tempates\Md Badge\project-root\build-deployment\docker...
2025-01-28 15:03:30,694 - INFO - Template berhasil disalin ke: C:\Users\LENOVO\Documents\Habbist\Tempates\Md Badge\project-root\build-deployment\docker\README.md
2025-01-28 15:03:30,694 - INFO - Menyalin README.md ke folder C:\Users\LENOVO\Documents\Habbist\Tempates\Md Badge\project-root\build-deployment\kubernetes...
2025-01-28 15:03:30,698 - INFO - Template berhasil disalin ke: C:\Users\LENOVO\Documents\Habbist\Tempates\Md Badge\project-root\build-deployment\kubernetes\README.md
2025-01-28 15:03:30,701 - INFO - Menyalin README.md ke folder C:\Users\LENOVO\Documents\Habbist\Tempates\Md Badge\project-root\dependensi\external-dependencies...
2025-01-28 15:03:30,704 - INFO - Template berhasil disalin ke: C:\Users\LENOVO\Documents\Habbist\Tempates\Md Badge\project-root\dependensi\external-dependencies\README.md
2025-01-28 15:03:30,704 - INFO - Menyalin README.md ke folder C:\Users\LENOVO\Documents\Habbist\Tempates\Md Badge\project-root\dependensi\peer-dependencies...
2025-01-28 15:03:30,708 - INFO - Template berhasil disalin ke: C:\Users\LENOVO\Documents\Habbist\Tempates\Md Badge\project-root\dependensi\peer-dependencies\README.md
2025-01-28 15:03:30,710 - INFO - Menyalin README.md ke folder C:\Users\LENOVO\Documents\Habbist\Tempates\Md Badge\project-root\dokumen\api-documentation...
2025-01-28 15:03:30,713 - INFO - Template berhasil disalin ke: C:\Users\LENOVO\Documents\Habbist\Tempates\Md Badge\project-root\dokumen\api-documentation\README.md
2025-01-28 15:03:30,714 - INFO - Menyalin README.md ke folder C:\Users\LENOVO\Documents\Habbist\Tempates\Md Badge\project-root\dokumen\dokumentasi...
2025-01-28 15:03:30,719 - INFO - Template berhasil disalin ke: C:\Users\LENOVO\Documents\Habbist\Tempates\Md Badge\project-root\dokumen\dokumentasi\README.md
2025-01-28 15:03:30,719 - INFO - Menyalin README.md ke folder C:\Users\LENOVO\Documents\Habbist\Tempates\Md Badge\project-root\dokumen\user-guide...
2025-01-28 15:03:30,721 - INFO - Template berhasil disalin ke: C:\Users\LENOVO\Documents\Habbist\Tempates\Md Badge\project-root\dokumen\user-guide\README.md
2025-01-28 15:03:30,723 - INFO - Menyalin README.md ke folder C:\Users\LENOVO\Documents\Habbist\Tempates\Md Badge\project-root\fitur\customizable...
2025-01-28 15:03:30,725 - INFO - Template berhasil disalin ke: C:\Users\LENOVO\Documents\Habbist\Tempates\Md Badge\project-root\fitur\customizable\README.md
2025-01-28 15:03:30,727 - INFO - Menyalin README.md ke folder C:\Users\LENOVO\Documents\Habbist\Tempates\Md Badge\project-root\fitur\experimental...
2025-01-28 15:03:30,731 - INFO - Template berhasil disalin ke: C:\Users\LENOVO\Documents\Habbist\Tempates\Md Badge\project-root\fitur\experimental\README.md
2025-01-28 15:03:30,733 - INFO - Menyalin README.md ke folder C:\Users\LENOVO\Documents\Habbist\Tempates\Md Badge\project-root\fitur\full-features...
2025-01-28 15:03:30,737 - INFO - Template berhasil disalin ke: C:\Users\LENOVO\Documents\Habbist\Tempates\Md Badge\project-root\fitur\full-features\README.md
2025-01-28 15:03:30,737 - INFO - Menyalin README.md ke folder C:\Users\LENOVO\Documents\Habbist\Tempates\Md Badge\project-root\fitur\legacy-feature...
2025-01-28 15:03:30,739 - INFO - Template berhasil disalin ke: C:\Users\LENOVO\Documents\Habbist\Tempates\Md Badge\project-root\fitur\legacy-feature\README.md
2025-01-28 15:03:30,741 - INFO - Menyalin README.md ke folder C:\Users\LENOVO\Documents\Habbist\Tempates\Md Badge\project-root\keamanan\secure...
2025-01-28 15:03:30,743 - INFO - Template berhasil disalin ke: C:\Users\LENOVO\Documents\Habbist\Tempates\Md Badge\project-root\keamanan\secure\README.md
2025-01-28 15:03:30,744 - INFO - Menyalin README.md ke folder C:\Users\LENOVO\Documents\Habbist\Tempates\Md Badge\project-root\keamanan\ssl-encrypted...
2025-01-28 15:03:30,747 - INFO - Template berhasil disalin ke: C:\Users\LENOVO\Documents\Habbist\Tempates\Md Badge\project-root\keamanan\ssl-encrypted\README.md
2025-01-28 15:03:30,749 - INFO - Menyalin README.md ke folder C:\Users\LENOVO\Documents\Habbist\Tempates\Md Badge\project-root\keamanan\vulnerabilities-fixed...
2025-01-28 15:03:30,752 - INFO - Template berhasil disalin ke: C:\Users\LENOVO\Documents\Habbist\Tempates\Md Badge\project-root\keamanan\vulnerabilities-fixed\README.md
2025-01-28 15:03:30,754 - INFO - Menyalin README.md ke folder C:\Users\LENOVO\Documents\Habbist\Tempates\Md Badge\project-root\ketersediaan\maintenance...
2025-01-28 15:03:30,756 - INFO - Template berhasil disalin ke: C:\Users\LENOVO\Documents\Habbist\Tempates\Md Badge\project-root\ketersediaan\maintenance\README.md
2025-01-28 15:03:30,756 - INFO - Menyalin README.md ke folder C:\Users\LENOVO\Documents\Habbist\Tempates\Md Badge\project-root\ketersediaan\offline...
2025-01-28 15:03:30,758 - INFO - Template berhasil disalin ke: C:\Users\LENOVO\Documents\Habbist\Tempates\Md Badge\project-root\ketersediaan\offline\README.md
2025-01-28 15:03:30,759 - INFO - Menyalin README.md ke folder C:\Users\LENOVO\Documents\Habbist\Tempates\Md Badge\project-root\ketersediaan\online...
2025-01-28 15:03:30,761 - INFO - Template berhasil disalin ke: C:\Users\LENOVO\Documents\Habbist\Tempates\Md Badge\project-root\ketersediaan\online\README.md
2025-01-28 15:03:30,766 - INFO - Menyalin README.md ke folder C:\Users\LENOVO\Documents\Habbist\Tempates\Md Badge\project-root\kompatibilitas\cross-platform...
2025-01-28 15:03:30,769 - INFO - Template berhasil disalin ke: C:\Users\LENOVO\Documents\Habbist\Tempates\Md Badge\project-root\kompatibilitas\cross-platform\README.md
2025-01-28 15:03:30,770 - INFO - Menyalin README.md ke folder C:\Users\LENOVO\Documents\Habbist\Tempates\Md Badge\project-root\kompatibilitas\desktop...
2025-01-28 15:03:30,771 - INFO - Template berhasil disalin ke: C:\Users\LENOVO\Documents\Habbist\Tempates\Md Badge\project-root\kompatibilitas\desktop\README.md
2025-01-28 15:03:30,773 - INFO - Menyalin README.md ke folder C:\Users\LENOVO\Documents\Habbist\Tempates\Md Badge\project-root\kompatibilitas\mobile...
2025-01-28 15:03:30,775 - INFO - Template berhasil disalin ke: C:\Users\LENOVO\Documents\Habbist\Tempates\Md Badge\project-root\kompatibilitas\mobile\README.md
2025-01-28 15:03:30,775 - INFO - Menyalin README.md ke folder C:\Users\LENOVO\Documents\Habbist\Tempates\Md Badge\project-root\kompatibilitas\web...
2025-01-28 15:03:30,778 - INFO - Template berhasil disalin ke: C:\Users\LENOVO\Documents\Habbist\Tempates\Md Badge\project-root\kompatibilitas\web\README.md
2025-01-28 15:03:30,783 - INFO - Menyalin README.md ke folder C:\Users\LENOVO\Documents\Habbist\Tempates\Md Badge\project-root\lisensi\apache...
2025-01-28 15:03:30,786 - INFO - Template berhasil disalin ke: C:\Users\LENOVO\Documents\Habbist\Tempates\Md Badge\project-root\lisensi\apache\README.md
2025-01-28 15:03:30,787 - INFO - Menyalin README.md ke folder C:\Users\LENOVO\Documents\Habbist\Tempates\Md Badge\project-root\lisensi\bsd...
2025-01-28 15:03:30,789 - INFO - Template berhasil disalin ke: C:\Users\LENOVO\Documents\Habbist\Tempates\Md Badge\project-root\lisensi\bsd\README.md
2025-01-28 15:03:30,789 - INFO - Menyalin README.md ke folder C:\Users\LENOVO\Documents\Habbist\Tempates\Md Badge\project-root\lisensi\gpl...
2025-01-28 15:03:30,791 - INFO - Template berhasil disalin ke: C:\Users\LENOVO\Documents\Habbist\Tempates\Md Badge\project-root\lisensi\gpl\README.md
2025-01-28 15:03:30,792 - INFO - Menyalin README.md ke folder C:\Users\LENOVO\Documents\Habbist\Tempates\Md Badge\project-root\lisensi\mit...
2025-01-28 15:03:30,795 - INFO - Template berhasil disalin ke: C:\Users\LENOVO\Documents\Habbist\Tempates\Md Badge\project-root\lisensi\mit\README.md
2025-01-28 15:03:30,800 - INFO - Menyalin README.md ke folder C:\Users\LENOVO\Documents\Habbist\Tempates\Md Badge\project-root\performance\high-performance...
2025-01-28 15:03:30,803 - INFO - Template berhasil disalin ke: C:\Users\LENOVO\Documents\Habbist\Tempates\Md Badge\project-root\performance\high-performance\README.md
2025-01-28 15:03:30,803 - INFO - Menyalin README.md ke folder C:\Users\LENOVO\Documents\Habbist\Tempates\Md Badge\project-root\performance\optimized...
2025-01-28 15:03:30,805 - INFO - Template berhasil disalin ke: C:\Users\LENOVO\Documents\Habbist\Tempates\Md Badge\project-root\performance\optimized\README.md
2025-01-28 15:03:30,806 - INFO - Menyalin README.md ke folder C:\Users\LENOVO\Documents\Habbist\Tempates\Md Badge\project-root\performance\resource-efficient...
2025-01-28 15:03:30,807 - INFO - Template berhasil disalin ke: C:\Users\LENOVO\Documents\Habbist\Tempates\Md Badge\project-root\performance\resource-efficient\README.md
2025-01-28 15:03:30,810 - INFO - Menyalin README.md ke folder C:\Users\LENOVO\Documents\Habbist\Tempates\Md Badge\project-root\repositori-github\archived...
2025-01-28 15:03:30,813 - INFO - Template berhasil disalin ke: C:\Users\LENOVO\Documents\Habbist\Tempates\Md Badge\project-root\repositori-github\archived\README.md
2025-01-28 15:03:30,815 - INFO - Menyalin README.md ke folder C:\Users\LENOVO\Documents\Habbist\Tempates\Md Badge\project-root\repositori-github\forked...
2025-01-28 15:03:30,819 - INFO - Template berhasil disalin ke: C:\Users\LENOVO\Documents\Habbist\Tempates\Md Badge\project-root\repositori-github\forked\README.md
2025-01-28 15:03:30,820 - INFO - Menyalin README.md ke folder C:\Users\LENOVO\Documents\Habbist\Tempates\Md Badge\project-root\repositori-github\open-source...
2025-01-28 15:03:30,822 - INFO - Template berhasil disalin ke: C:\Users\LENOVO\Documents\Habbist\Tempates\Md Badge\project-root\repositori-github\open-source\README.md
2025-01-28 15:03:30,822 - INFO - Menyalin README.md ke folder C:\Users\LENOVO\Documents\Habbist\Tempates\Md Badge\project-root\repositori-github\private...
2025-01-28 15:03:30,825 - INFO - Template berhasil disalin ke: C:\Users\LENOVO\Documents\Habbist\Tempates\Md Badge\project-root\repositori-github\private\README.md
2025-01-28 15:03:30,825 - INFO - Menyalin README.md ke folder C:\Users\LENOVO\Documents\Habbist\Tempates\Md Badge\project-root\repositori-github\public...
2025-01-28 15:03:30,827 - INFO - Template berhasil disalin ke: C:\Users\LENOVO\Documents\Habbist\Tempates\Md Badge\project-root\repositori-github\public\README.md
2025-01-28 15:03:30,832 - INFO - Menyalin README.md ke folder C:\Users\LENOVO\Documents\Habbist\Tempates\Md Badge\project-root\status-pengembangan\alpha...
2025-01-28 15:03:30,835 - INFO - Template berhasil disalin ke: C:\Users\LENOVO\Documents\Habbist\Tempates\Md Badge\project-root\status-pengembangan\alpha\README.md
2025-01-28 15:03:30,836 - INFO - Menyalin README.md ke folder C:\Users\LENOVO\Documents\Habbist\Tempates\Md Badge\project-root\status-pengembangan\beta...
2025-01-28 15:03:30,838 - INFO - Template berhasil disalin ke: C:\Users\LENOVO\Documents\Habbist\Tempates\Md Badge\project-root\status-pengembangan\beta\README.md
2025-01-28 15:03:30,839 - INFO - Menyalin README.md ke folder C:\Users\LENOVO\Documents\Habbist\Tempates\Md Badge\project-root\status-pengembangan\production...
2025-01-28 15:03:30,841 - INFO - Template berhasil disalin ke: C:\Users\LENOVO\Documents\Habbist\Tempates\Md Badge\project-root\status-pengembangan\production\README.md
2025-01-28 15:03:30,841 - INFO - Menyalin README.md ke folder C:\Users\LENOVO\Documents\Habbist\Tempates\Md Badge\project-root\status-pengembangan\stable...
2025-01-28 15:03:30,843 - INFO - Template berhasil disalin ke: C:\Users\LENOVO\Documents\Habbist\Tempates\Md Badge\project-root\status-pengembangan\stable\README.md
2025-01-28 15:03:30,847 - INFO - Menyalin README.md ke folder C:\Users\LENOVO\Documents\Habbist\Tempates\Md Badge\project-root\testing\end-to-end-testing...
2025-01-28 15:03:30,851 - INFO - Template berhasil disalin ke: C:\Users\LENOVO\Documents\Habbist\Tempates\Md Badge\project-root\testing\end-to-end-testing\README.md
2025-01-28 15:03:30,851 - INFO - Menyalin README.md ke folder C:\Users\LENOVO\Documents\Habbist\Tempates\Md Badge\project-root\testing\integration-tests...
2025-01-28 15:03:30,854 - INFO - Template berhasil disalin ke: C:\Users\LENOVO\Documents\Habbist\Tempates\Md Badge\project-root\testing\integration-tests\README.md
2025-01-28 15:03:30,855 - INFO - Menyalin README.md ke folder C:\Users\LENOVO\Documents\Habbist\Tempates\Md Badge\project-root\testing\test-coverage...
2025-01-28 15:03:30,856 - INFO - Template berhasil disalin ke: C:\Users\LENOVO\Documents\Habbist\Tempates\Md Badge\project-root\testing\test-coverage\README.md
2025-01-28 15:03:30,857 - INFO - Menyalin README.md ke folder C:\Users\LENOVO\Documents\Habbist\Tempates\Md Badge\project-root\testing\unit-tests...
2025-01-28 15:03:30,859 - INFO - Template berhasil disalin ke: C:\Users\LENOVO\Documents\Habbist\Tempates\Md Badge\project-root\testing\unit-tests\README.md
2025-01-28 15:03:30,861 - INFO - Menyalin README.md ke folder C:\Users\LENOVO\Documents\Habbist\Tempates\Md Badge\project-root\versi\latest...
2025-01-28 15:03:30,865 - INFO - Template berhasil disalin ke: C:\Users\LENOVO\Documents\Habbist\Tempates\Md Badge\project-root\versi\latest\README.md
2025-01-28 15:03:30,868 - INFO - Menyalin README.md ke folder C:\Users\LENOVO\Documents\Habbist\Tempates\Md Badge\project-root\versi\v1.0...
2025-01-28 15:03:30,870 - INFO - Template berhasil disalin ke: C:\Users\LENOVO\Documents\Habbist\Tempates\Md Badge\project-root\versi\v1.0\README.md
2025-01-28 15:03:30,870 - INFO - Menyalin README.md ke folder C:\Users\LENOVO\Documents\Habbist\Tempates\Md Badge\project-root\versi\v2.0...
2025-01-28 15:03:30,873 - INFO - Template berhasil disalin ke: C:\Users\LENOVO\Documents\Habbist\Tempates\Md Badge\project-root\versi\v2.0\README.md
